<?xml version="1.0" encoding="UTF-8"?>
<testsuite xmlns:xsi="http://www.w3.org/2001/XMLSchema-instance" xsi:noNamespaceSchemaLocation="https://maven.apache.org/surefire/maven-surefire-plugin/xsd/surefire-test-report.xsd" name="runners.SmokeRunner" time="4.605" tests="10" errors="1" skipped="0" failures="0">
  <properties>
    <property name="java.specification.version" value="17"/>
    <property name="sun.jnu.encoding" value="UTF-8"/>
    <property name="java.class.path" value="/Users/admin/IdeaProjects/MavenIntro/target/test-classes:/Users/admin/IdeaProjects/MavenIntro/target/classes:/Users/admin/.m2/repository/junit/junit/4.13.2/junit-4.13.2.jar:/Users/admin/.m2/repository/org/hamcrest/hamcrest-core/1.3/hamcrest-core-1.3.jar:/Users/admin/.m2/repository/io/cucumber/cucumber-java/7.2.2/cucumber-java-7.2.2.jar:/Users/admin/.m2/repository/io/cucumber/cucumber-core/7.2.2/cucumber-core-7.2.2.jar:/Users/admin/.m2/repository/io/cucumber/cucumber-gherkin/7.2.2/cucumber-gherkin-7.2.2.jar:/Users/admin/.m2/repository/io/cucumber/cucumber-gherkin-messages/7.2.2/cucumber-gherkin-messages-7.2.2.jar:/Users/admin/.m2/repository/io/cucumber/messages/17.1.1/messages-17.1.1.jar:/Users/admin/.m2/repository/io/cucumber/tag-expressions/4.1.0/tag-expressions-4.1.0.jar:/Users/admin/.m2/repository/io/cucumber/cucumber-expressions/15.0.1/cucumber-expressions-15.0.1.jar:/Users/admin/.m2/repository/io/cucumber/datatable/7.2.2/datatable-7.2.2.jar:/Users/admin/.m2/repository/io/cucumber/cucumber-plugin/7.2.2/cucumber-plugin-7.2.2.jar:/Users/admin/.m2/repository/io/cucumber/docstring/7.2.2/docstring-7.2.2.jar:/Users/admin/.m2/repository/io/cucumber/html-formatter/17.0.0/html-formatter-17.0.0.jar:/Users/admin/.m2/repository/io/cucumber/ci-environment/8.1.0/ci-environment-8.1.0.jar:/Users/admin/.m2/repository/org/apiguardian/apiguardian-api/1.1.2/apiguardian-api-1.1.2.jar:/Users/admin/.m2/repository/io/cucumber/cucumber-junit/7.2.2/cucumber-junit-7.2.2.jar:/Users/admin/.m2/repository/org/junit/jupiter/junit-jupiter-api/5.8.2/junit-jupiter-api-5.8.2.jar:/Users/admin/.m2/repository/org/opentest4j/opentest4j/1.2.0/opentest4j-1.2.0.jar:/Users/admin/.m2/repository/org/junit/platform/junit-platform-commons/1.8.2/junit-platform-commons-1.8.2.jar:"/>
    <property name="java.vm.vendor" value="Homebrew"/>
    <property name="sun.arch.data.model" value="64"/>
    <property name="java.vendor.url" value="https://github.com/Homebrew/homebrew-core/issues"/>
    <property name="os.name" value="Mac OS X"/>
    <property name="java.vm.specification.version" value="17"/>
    <property name="sun.java.launcher" value="SUN_STANDARD"/>
    <property name="user.country" value="KG"/>
    <property name="sun.boot.library.path" value="/usr/local/Cellar/openjdk/17.0.2/libexec/openjdk.jdk/Contents/Home/lib"/>
    <property name="sun.java.command" value="/Users/admin/IdeaProjects/MavenIntro/target/surefire/surefirebooter4926377828020367243.jar /Users/admin/IdeaProjects/MavenIntro/target/surefire 2022-02-26T14-01-12_671-jvmRun1 surefire7012389205516214493tmp surefire_05863234007117646595tmp"/>
    <property name="http.nonProxyHosts" value="local|*.local|169.254/16|*.169.254/16"/>
    <property name="jdk.debug" value="release"/>
    <property name="surefire.test.class.path" value="/Users/admin/IdeaProjects/MavenIntro/target/test-classes:/Users/admin/IdeaProjects/MavenIntro/target/classes:/Users/admin/.m2/repository/junit/junit/4.13.2/junit-4.13.2.jar:/Users/admin/.m2/repository/org/hamcrest/hamcrest-core/1.3/hamcrest-core-1.3.jar:/Users/admin/.m2/repository/io/cucumber/cucumber-java/7.2.2/cucumber-java-7.2.2.jar:/Users/admin/.m2/repository/io/cucumber/cucumber-core/7.2.2/cucumber-core-7.2.2.jar:/Users/admin/.m2/repository/io/cucumber/cucumber-gherkin/7.2.2/cucumber-gherkin-7.2.2.jar:/Users/admin/.m2/repository/io/cucumber/cucumber-gherkin-messages/7.2.2/cucumber-gherkin-messages-7.2.2.jar:/Users/admin/.m2/repository/io/cucumber/messages/17.1.1/messages-17.1.1.jar:/Users/admin/.m2/repository/io/cucumber/tag-expressions/4.1.0/tag-expressions-4.1.0.jar:/Users/admin/.m2/repository/io/cucumber/cucumber-expressions/15.0.1/cucumber-expressions-15.0.1.jar:/Users/admin/.m2/repository/io/cucumber/datatable/7.2.2/datatable-7.2.2.jar:/Users/admin/.m2/repository/io/cucumber/cucumber-plugin/7.2.2/cucumber-plugin-7.2.2.jar:/Users/admin/.m2/repository/io/cucumber/docstring/7.2.2/docstring-7.2.2.jar:/Users/admin/.m2/repository/io/cucumber/html-formatter/17.0.0/html-formatter-17.0.0.jar:/Users/admin/.m2/repository/io/cucumber/ci-environment/8.1.0/ci-environment-8.1.0.jar:/Users/admin/.m2/repository/org/apiguardian/apiguardian-api/1.1.2/apiguardian-api-1.1.2.jar:/Users/admin/.m2/repository/io/cucumber/cucumber-junit/7.2.2/cucumber-junit-7.2.2.jar:/Users/admin/.m2/repository/org/junit/jupiter/junit-jupiter-api/5.8.2/junit-jupiter-api-5.8.2.jar:/Users/admin/.m2/repository/org/opentest4j/opentest4j/1.2.0/opentest4j-1.2.0.jar:/Users/admin/.m2/repository/org/junit/platform/junit-platform-commons/1.8.2/junit-platform-commons-1.8.2.jar:"/>
    <property name="sun.cpu.endian" value="little"/>
    <property name="user.home" value="/Users/admin"/>
    <property name="user.language" value="ru"/>
    <property name="java.specification.vendor" value="Oracle Corporation"/>
    <property name="java.version.date" value="2022-01-18"/>
    <property name="java.home" value="/usr/local/Cellar/openjdk/17.0.2/libexec/openjdk.jdk/Contents/Home"/>
    <property name="file.separator" value="/"/>
    <property name="basedir" value="/Users/admin/IdeaProjects/MavenIntro"/>
    <property name="java.vm.compressedOopsMode" value="Zero based"/>
    <property name="line.separator" value="&#10;"/>
    <property name="java.vm.specification.vendor" value="Oracle Corporation"/>
    <property name="java.specification.name" value="Java Platform API Specification"/>
    <property name="surefire.real.class.path" value="/Users/admin/IdeaProjects/MavenIntro/target/surefire/surefirebooter4926377828020367243.jar"/>
    <property name="sun.management.compiler" value="HotSpot 64-Bit Tiered Compilers"/>
    <property name="ftp.nonProxyHosts" value="local|*.local|169.254/16|*.169.254/16"/>
    <property name="java.runtime.version" value="17.0.2+0"/>
    <property name="user.name" value="admin"/>
    <property name="path.separator" value=":"/>
    <property name="os.version" value="11.6"/>
    <property name="java.runtime.name" value="OpenJDK Runtime Environment"/>
    <property name="file.encoding" value="US-ASCII"/>
    <property name="java.vm.name" value="OpenJDK 64-Bit Server VM"/>
    <property name="java.vendor.version" value="Homebrew"/>
    <property name="localRepository" value="/Users/admin/.m2/repository"/>
    <property name="cucumber.options" value=" --tags @Smoke"/>
    <property name="java.vendor.url.bug" value="https://github.com/Homebrew/homebrew-core/issues"/>
    <property name="java.io.tmpdir" value="/var/folders/v_/058my94j0dg_vzzsfn58j4nr0000gn/T/"/>
    <property name="java.version" value="17.0.2"/>
    <property name="user.dir" value="/Users/admin/IdeaProjects/MavenIntro"/>
    <property name="os.arch" value="x86_64"/>
    <property name="java.vm.specification.name" value="Java Virtual Machine Specification"/>
    <property name="native.encoding" value="US-ASCII"/>
    <property name="java.library.path" value="/Users/admin/Library/Java/Extensions:/Library/Java/Extensions:/Network/Library/Java/Extensions:/System/Library/Java/Extensions:/usr/lib/java:."/>
    <property name="java.vm.info" value="mixed mode, sharing"/>
    <property name="java.vendor" value="Homebrew"/>
    <property name="java.vm.version" value="17.0.2+0"/>
    <property name="sun.io.unicode.encoding" value="UnicodeBig"/>
    <property name="socksNonProxyHosts" value="local|*.local|169.254/16|*.169.254/16"/>
    <property name="java.class.version" value="61.0"/>
  </properties>
  <testcase name="Verify user can login with valid credentials" classname="Login functionality" time="0.14"/>
  <testcase name="Order Kimchi from Arrigato" classname="Data Table practice" time="0.043"/>
  <testcase name="Verify following tabs displayed on Amazon" classname="Data Table practice" time="0.022"/>
  <testcase name="Cars model" classname="Data Table practice" time="0.02"/>
  <testcase name="Multiple tests #1" classname="Scenario outline demo" time="0.019"/>
  <testcase name="Multiple tests #2" classname="Scenario outline demo" time="0.015"/>
  <testcase name="Multiple tests #3" classname="Scenario outline demo" time="0.013"/>
  <testcase name="Multiple tests #4" classname="Scenario outline demo" time="0.018"/>
  <testcase name="Multiple tests #5" classname="Scenario outline demo" time="0.017"/>
  <testcase name="dfffsdf" classname="Scenario outline demo" time="0.043">
    <error message="The step &apos;fddd&apos; and 1 other step(s) are undefined.&#10;You can implement these steps using the snippet(s) below:&#10;&#10;@Given(&quot;fddd&quot;)&#10;public void fddd() {&#10;    // Write code here that turns the phrase above into concrete actions&#10;    throw new io.cucumber.java.PendingException();&#10;}&#10;@Then(&quot;fgfg&quot;)&#10;public void fgfg() {&#10;    // Write code here that turns the phrase above into concrete actions&#10;    throw new io.cucumber.java.PendingException();&#10;}&#10;" type="io.cucumber.junit.UndefinedStepException">io.cucumber.junit.UndefinedStepException: 
The step 'fddd' and 1 other step(s) are undefined.
You can implement these steps using the snippet(s) below:

@Given("fddd")
public void fddd() {
    // Write code here that turns the phrase above into concrete actions
    throw new io.cucumber.java.PendingException();
}
@Then("fgfg")
public void fgfg() {
    // Write code here that turns the phrase above into concrete actions
    throw new io.cucumber.java.PendingException();
}

</error>
    <system-out><![CDATA[
@Smoke @E2E
Scenario: dfffsdf &amp#27;[90m# src/test/resources/features/ScenarioOutline.feature:19&amp#27;[0m
  &amp#27;[33mGiven &amp#27;[0m&amp#27;[33mfddd&amp#27;[0m
  &amp#27;[36mThen &amp#27;[0m&amp#27;[36mfgfg&amp#27;[0m
]]></system-out>
  </testcase>
</testsuite>